Replace Part C3 C0805-GENERIC in C:\Users\Public\Documents\Altium\Projects\ISPR_DEOP\Filter.SchDoc with C0805-GENERIC from vh_altium_library.intLib
Replace Part C4 C0805-GENERIC in C:\Users\Public\Documents\Altium\Projects\ISPR_DEOP\Filter.SchDoc with C0805-GENERIC from vh_altium_library.intLib
Replace Part C5 C0805-GENERIC in C:\Users\Public\Documents\Altium\Projects\ISPR_DEOP\Filter.SchDoc with C0805-GENERIC from vh_altium_library.intLib
Replace Part C6 C0805-GENERIC in C:\Users\Public\Documents\Altium\Projects\ISPR_DEOP\Filter.SchDoc with C0805-GENERIC from vh_altium_library.intLib
Replace Part C7 C0805-GENERIC in C:\Users\Public\Documents\Altium\Projects\ISPR_DEOP\Filter.SchDoc with C0805-GENERIC from vh_altium_library.intLib
Replace Part C8 C0805-GENERIC in C:\Users\Public\Documents\Altium\Projects\ISPR_DEOP\Filter.SchDoc with C0805-GENERIC from vh_altium_library.intLib
Replace Part C9 C0805-GENERIC in C:\Users\Public\Documents\Altium\Projects\ISPR_DEOP\Filter.SchDoc with C0805-GENERIC from vh_altium_library.intLib
Replace Part C10 C0805-GENERIC in C:\Users\Public\Documents\Altium\Projects\ISPR_DEOP\Filter.SchDoc with C0805-GENERIC from vh_altium_library.intLib
Replace Part C11 C0805-GENERIC in C:\Users\Public\Documents\Altium\Projects\ISPR_DEOP\Filter.SchDoc with C0805-GENERIC from vh_altium_library.intLib
Replace Part R1 R0805-GENERIC in C:\Users\Public\Documents\Altium\Projects\ISPR_DEOP\Filter.SchDoc with R0805-GENERIC from vh_altium_library.intLib
Replace Part R2 R0805-GENERIC in C:\Users\Public\Documents\Altium\Projects\ISPR_DEOP\Filter.SchDoc with R0805-GENERIC from vh_altium_library.intLib
Replace Part R3 R0805-GENERIC in C:\Users\Public\Documents\Altium\Projects\ISPR_DEOP\Filter.SchDoc with R0805-GENERIC from vh_altium_library.intLib
Replace Part R4 R0805-GENERIC in C:\Users\Public\Documents\Altium\Projects\ISPR_DEOP\Filter.SchDoc with R0805-GENERIC from vh_altium_library.intLib
Replace Part R5 R0805-GENERIC in C:\Users\Public\Documents\Altium\Projects\ISPR_DEOP\Filter.SchDoc with R0805-GENERIC from vh_altium_library.intLib
Replace Part R6 R0805-GENERIC in C:\Users\Public\Documents\Altium\Projects\ISPR_DEOP\Filter.SchDoc with R0805-GENERIC from vh_altium_library.intLib
Replace Part R7 R0805-GENERIC in C:\Users\Public\Documents\Altium\Projects\ISPR_DEOP\Filter.SchDoc with R0805-GENERIC from vh_altium_library.intLib
Replace Part R8 R0805-GENERIC in C:\Users\Public\Documents\Altium\Projects\ISPR_DEOP\Filter.SchDoc with R0805-GENERIC from vh_altium_library.intLib
Replace Part R9 R0805-GENERIC in C:\Users\Public\Documents\Altium\Projects\ISPR_DEOP\Filter.SchDoc with R0805-GENERIC from vh_altium_library.intLib
Replace Part R10 R0805-GENERIC in C:\Users\Public\Documents\Altium\Projects\ISPR_DEOP\Filter.SchDoc with R0805-GENERIC from vh_altium_library.intLib
Replace Part R11 R0805-GENERIC in C:\Users\Public\Documents\Altium\Projects\ISPR_DEOP\Filter.SchDoc with R0805-GENERIC from vh_altium_library.intLib
Replace Part R12 R0805-GENERIC in C:\Users\Public\Documents\Altium\Projects\ISPR_DEOP\Filter.SchDoc with R0805-GENERIC from vh_altium_library.intLib
Replace Part R13 R0805-GENERIC in C:\Users\Public\Documents\Altium\Projects\ISPR_DEOP\Filter.SchDoc with R0805-GENERIC from vh_altium_library.intLib
Replace Part TP1 TESTPIN in C:\Users\Public\Documents\Altium\Projects\ISPR_DEOP\Filter.SchDoc with TESTPIN from vh_altium_library.intLib
Replace Part TP2 TESTPIN in C:\Users\Public\Documents\Altium\Projects\ISPR_DEOP\Filter.SchDoc with TESTPIN from vh_altium_library.intLib
Replace Part TP3 TESTPIN in C:\Users\Public\Documents\Altium\Projects\ISPR_DEOP\Filter.SchDoc with TESTPIN from vh_altium_library.intLib
Replace Part TP4 TESTPIN in C:\Users\Public\Documents\Altium\Projects\ISPR_DEOP\Filter.SchDoc with TESTPIN from vh_altium_library.intLib
Replace Part U1 ADA4661-2ARMZ-R7 in C:\Users\Public\Documents\Altium\Projects\ISPR_DEOP\Filter.SchDoc with ADA4661-2ARMZ-R7 from 2020-03-25_06-16-48.IntLib
Replace Part U2 ADA4661-2ARMZ-R7 in C:\Users\Public\Documents\Altium\Projects\ISPR_DEOP\Filter.SchDoc with ADA4661-2ARMZ-R7 from 2020-03-25_06-16-48.IntLib
Replace Part VR1 3310Y-001-103L in C:\Users\Public\Documents\Altium\Projects\ISPR_DEOP\Filter.SchDoc with 3310Y-001-103L from PMOD.IntLib
Replace Part VR2 3310Y-001-103L in C:\Users\Public\Documents\Altium\Projects\ISPR_DEOP\Filter.SchDoc with 3310Y-001-103L from PMOD.IntLib
